<?xml version="1.0" encoding="UTF-8"?>
<!-- Generated by org.testng.reporters.JUnitReportReporter -->
<testsuite skipped="0" hostname="DESKTOP-H9BS9M0" name="nopcommerce.web.user.Level_04_Register_Login" tests="20" failures="0" timestamp="07 Oct 2020 07:02:38 GMT" time="197.076" errors="1">
  <testcase name="TC_03_View_My_Accout" time="2.773" classname="nopcommerce.web.user.Level_04_Register_Login"/>
  <testcase name="TC_02_Login" time="4.956" classname="nopcommerce.web.user.Level_04_Register_Login"/>
  <testcase name="TC_02_Login" time="5.675" classname="nopcommerce.web.user.Level_04_Register_Login"/>
  <testcase name="TC_02_Login" time="5.407" classname="nopcommerce.web.user.Level_04_Register_Login"/>
  <testcase name="TC_01_Register" time="13.054" classname="nopcommerce.web.user.Level_04_Register_Login"/>
  <testcase name="TC_02_Login" time="4.208" classname="nopcommerce.web.user.Level_04_Register_Login"/>
  <testcase name="TC_01_Register" time="12.381" classname="nopcommerce.web.user.Level_04_Register_Login"/>
  <testcase name="TC_04_Switch_Page" time="14.122" classname="nopcommerce.web.user.Level_04_Register_Login"/>
  <testcase name="TC_03_View_My_Accout" time="2.487" classname="nopcommerce.web.user.Level_04_Register_Login"/>
  <testcase name="TC_04_Switch_Page" time="17.722" classname="nopcommerce.web.user.Level_04_Register_Login"/>
  <testcase name="TC_03_View_My_Accout" time="3.423" classname="nopcommerce.web.user.Level_04_Register_Login"/>
  <testcase name="TC_03_View_My_Accout" time="3.907" classname="nopcommerce.web.user.Level_04_Register_Login"/>
  <testcase name="TC_03_View_My_Accout" time="3.420" classname="nopcommerce.web.user.Level_04_Register_Login"/>
  <testcase name="TC_04_Switch_Page" time="15.701" classname="nopcommerce.web.user.Level_04_Register_Login"/>
  <testcase name="TC_02_Login" time="5.042" classname="nopcommerce.web.user.Level_04_Register_Login"/>
  <testcase name="TC_01_Register" time="11.452" classname="nopcommerce.web.user.Level_04_Register_Login"/>
  <testcase name="TC_04_Switch_Page" time="30.333" classname="nopcommerce.web.user.Level_04_Register_Login">
    <error type="org.openqa.selenium.TimeoutException" message="Expected condition failed: waiting for element to be clickable: By.xpath: //div[@class=&#039;side-2&#039;]//a[contains(@href,&#039;addresses&#039;)] (tried for 30 second(s) with 500 milliseconds interval)
Build info: version: &#039;3.141.59&#039;, revision: &#039;e82be7d358&#039;, time: &#039;2018-11-14T08:25:53&#039;
System info: host: &#039;DESKTOP-H9BS9M0&#039;, ip: &#039;192.168.1.5&#039;, os.name: &#039;Windows 10&#039;, os.arch: &#039;amd64&#039;, os.version: &#039;10.0&#039;, java.version: &#039;1.8.0_211&#039;
Driver info: org.openqa.selenium.chrome.ChromeDriver
Capabilities {acceptInsecureCerts: false, browserName: chrome, browserVersion: 85.0.4183.121, chrome: {chromedriverVersion: 85.0.4183.87 (cd6713ebf92fa..., userDataDir: C:\Users\ngaIT\AppData\Loca...}, goog:chromeOptions: {debuggerAddress: localhost:49961}, javascriptEnabled: true, networkConnectionEnabled: false, pageLoadStrategy: normal, platform: WINDOWS, platformName: WINDOWS, proxy: Proxy(), setWindowRect: true, strictFileInteractability: false, timeouts: {implicit: 0, pageLoad: 300000, script: 30000}, unhandledPromptBehavior: dismiss and notify, webauthn:virtualAuthenticators: true}
Session ID: c826546e4835f252926304b7486a2dd0">
      <![CDATA[org.openqa.selenium.TimeoutException: Expected condition failed: waiting for element to be clickable: By.xpath: //div[@class='side-2']//a[contains(@href,'addresses')] (tried for 30 second(s) with 500 milliseconds interval)
Build info: version: '3.141.59', revision: 'e82be7d358', time: '2018-11-14T08:25:53'
System info: host: 'DESKTOP-H9BS9M0', ip: '192.168.1.5', os.name: 'Windows 10', os.arch: 'amd64', os.version: '10.0', java.version: '1.8.0_211'
Driver info: org.openqa.selenium.chrome.ChromeDriver
Capabilities {acceptInsecureCerts: false, browserName: chrome, browserVersion: 85.0.4183.121, chrome: {chromedriverVersion: 85.0.4183.87 (cd6713ebf92fa..., userDataDir: C:\Users\ngaIT\AppData\Loca...}, goog:chromeOptions: {debuggerAddress: localhost:49961}, javascriptEnabled: true, networkConnectionEnabled: false, pageLoadStrategy: normal, platform: WINDOWS, platformName: WINDOWS, proxy: Proxy(), setWindowRect: true, strictFileInteractability: false, timeouts: {implicit: 0, pageLoad: 300000, script: 30000}, unhandledPromptBehavior: dismiss and notify, webauthn:virtualAuthenticators: true}
Session ID: c826546e4835f252926304b7486a2dd0
at org.openqa.selenium.support.ui.WebDriverWait.timeoutException(WebDriverWait.java:95)
at org.openqa.selenium.support.ui.FluentWait.until(FluentWait.java:272)
at Conmons.AbstractPage.waitToElementClickable(AbstractPage.java:434)
at Conmons.AbstractPage.openAddressesPage(AbstractPage.java:450)
at nopcommerce.web.user.Level_04_Register_Login.TC_04_Switch_Page(Level_04_Register_Login.java:126)
at sun.reflect.NativeMethodAccessorImpl.invoke0(Native Method)
at sun.reflect.NativeMethodAccessorImpl.invoke(Unknown Source)
at sun.reflect.DelegatingMethodAccessorImpl.invoke(Unknown Source)
at java.lang.reflect.Method.invoke(Unknown Source)
at org.testng.internal.MethodInvocationHelper.invokeMethod(MethodInvocationHelper.java:124)
at org.testng.internal.Invoker.invokeMethod(Invoker.java:583)
at org.testng.internal.Invoker.invokeTestMethod(Invoker.java:719)
at org.testng.internal.Invoker.invokeTestMethods(Invoker.java:989)
at org.testng.internal.TestMethodWorker.invokeTestMethods(TestMethodWorker.java:125)
at org.testng.internal.TestMethodWorker.run(TestMethodWorker.java:109)
at org.testng.TestRunner.privateRun(TestRunner.java:648)
at org.testng.TestRunner.run(TestRunner.java:505)
at org.testng.SuiteRunner.runTest(SuiteRunner.java:455)
at org.testng.SuiteRunner.runSequentially(SuiteRunner.java:450)
at org.testng.SuiteRunner.privateRun(SuiteRunner.java:415)
at org.testng.SuiteRunner.run(SuiteRunner.java:364)
at org.testng.SuiteRunnerWorker.runSuite(SuiteRunnerWorker.java:52)
at org.testng.SuiteRunnerWorker.run(SuiteRunnerWorker.java:84)
at org.testng.TestNG.runSuitesSequentially(TestNG.java:1208)
at org.testng.TestNG.runSuitesLocally(TestNG.java:1137)
at org.testng.TestNG.runSuites(TestNG.java:1049)
at org.testng.TestNG.run(TestNG.java:1017)
at org.testng.remote.AbstractRemoteTestNG.run(AbstractRemoteTestNG.java:115)
at org.testng.remote.RemoteTestNG.initAndRun(RemoteTestNG.java:251)
at org.testng.remote.RemoteTestNG.main(RemoteTestNG.java:77)
]]>
    </error>
  </testcase> <!-- TC_04_Switch_Page -->
  <testcase name="TC_01_Register" time="13.183" classname="nopcommerce.web.user.Level_04_Register_Login"/>
  <testcase name="TC_01_Register" time="14.905" classname="nopcommerce.web.user.Level_04_Register_Login"/>
  <testcase name="TC_04_Switch_Page" time="12.925" classname="nopcommerce.web.user.Level_04_Register_Login"/>
</testsuite> <!-- nopcommerce.web.user.Level_04_Register_Login -->
